<?xml version="1.0" encoding="UTF-8"?>
<!-- Generated by org.testng.reporters.JUnitXMLReporter -->
<testsuite hostname="AMILTPBLR364" ignored="0" name="Default test" tests="4" failures="0" timestamp="01 Oct 2018 15:42:40 GMT" time="56.168" errors="0">
  <testcase name="freecrmRegpage" time="4.374" classname="aut.com.viaExcel.datadrivenTesting.Dataprovider_Excel"/>
  <testcase name="freecrmRegpage" time="4.194" classname="aut.com.viaExcel.datadrivenTesting.Dataprovider_Excel"/>
  <testcase name="freecrmRegpage" time="4.207" classname="aut.com.viaExcel.datadrivenTesting.Dataprovider_Excel"/>
  <testcase name="freecrmRegpage" time="3.403" classname="aut.com.viaExcel.datadrivenTesting.Dataprovider_Excel"/>
</testsuite> <!-- Default test -->
